# JRE version: 7.0_15-b03
# Java VM: Java HotSpot(TM) Client VM (23.7-b01 mixed mode, sharing windows-x86 )
Heap
 def new generation   total 11200K, used 10958K [0x23800000, 0x24420000, 0x28d50000)
  eden space 9984K, 100% used [0x23800000, 0x241c0000, 0x241c0000)
  from space 1216K,  80% used [0x242f0000, 0x243e3828, 0x24420000)
  to   space 1216K,  66% used [0x241c0000, 0x2428ab30, 0x242f0000)
 tenured generation   total 24728K, used 23057K [0x28d50000, 0x2a576000, 0x33800000)
   the space 24728K,  93% used [0x28d50000, 0x2a3d4458, 0x2a3d4600, 0x2a576000)
 compacting perm gen  total 12288K, used 351K [0x33800000, 0x34400000, 0x37800000)
   the space 12288K,   2% used [0x33800000, 0x33857dd8, 0x33857e00, 0x34400000)
    ro space 10240K,  42% used [0x37800000, 0x37c41c28, 0x37c41e00, 0x38200000)
    rw space 12288K,  54% used [0x38200000, 0x38882938, 0x38882a00, 0x38e00000)
GC Heap History (10 events):
Event: 588.800 GC heap after
Heap after GC invocations=6140 (full 92):
 def new generation   total 11200K, used 783K [0x23800000, 0x24420000, 0x28d50000)
  eden space 9984K,   0% used [0x23800000, 0x23800000, 0x241c0000)
  from space 1216K,  64% used [0x242f0000, 0x243b3df0, 0x24420000)
  to   space 1216K,   0% used [0x241c0000, 0x241c0000, 0x242f0000)
 tenured generation   total 24728K, used 21908K [0x28d50000, 0x2a576000, 0x33800000)
   the space 24728K,  88% used [0x28d50000, 0x2a2b5320, 0x2a2b5400, 0x2a576000)
 compacting perm gen  total 12288K, used 351K [0x33800000, 0x34400000, 0x37800000)
   the space 12288K,   2% used [0x33800000, 0x33857dd8, 0x33857e00, 0x34400000)
    ro space 10240K,  42% used [0x37800000, 0x37c41c28, 0x37c41e00, 0x38200000)
    rw space 12288K,  54% used [0x38200000, 0x38882938, 0x38882a00, 0x38e00000)
}
Event: 589.002 GC heap before
{Heap before GC invocations=6140 (full 92):
 def new generation   total 11200K, used 10767K [0x23800000, 0x24420000, 0x28d50000)
  eden space 9984K, 100% used [0x23800000, 0x241c0000, 0x241c0000)
  from space 1216K,  64% used [0x242f0000, 0x243b3df0, 0x24420000)
  to   space 1216K,   0% used [0x241c0000, 0x241c0000, 0x242f0000)
 tenured generation   total 24728K, used 21908K [0x28d50000, 0x2a576000, 0x33800000)
   the space 24728K,  88% used [0x28d50000, 0x2a2b5320, 0x2a2b5400, 0x2a576000)
 compacting perm gen  total 12288K, used 351K [0x33800000, 0x34400000, 0x37800000)
   the space 12288K,   2% used [0x33800000, 0x33857dd8, 0x33857e00, 0x34400000)
    ro space 10240K,  42% used [0x37800000, 0x37c41c28, 0x37c41e00, 0x38200000)
    rw space 12288K,  54% used [0x38200000, 0x38882938, 0x38882a00, 0x38e00000)
Event: 589.017 GC heap after
Heap after GC invocations=6141 (full 92):
 def new generation   total 11200K, used 677K [0x23800000, 0x24420000, 0x28d50000)
  eden space 9984K,   0% used [0x23800000, 0x23800000, 0x241c0000)
  from space 1216K,  55% used [0x241c0000, 0x24269500, 0x242f0000)
  to   space 1216K,   0% used [0x242f0000, 0x242f0000, 0x24420000)
 tenured generation   total 24728K, used 22308K [0x28d50000, 0x2a576000, 0x33800000)
   the space 24728K,  90% used [0x28d50000, 0x2a3192b8, 0x2a319400, 0x2a576000)
 compacting perm gen  total 12288K, used 351K [0x33800000, 0x34400000, 0x37800000)
   the space 12288K,   2% used [0x33800000, 0x33857dd8, 0x33857e00, 0x34400000)
    ro space 10240K,  42% used [0x37800000, 0x37c41c28, 0x37c41e00, 0x38200000)
    rw space 12288K,  54% used [0x38200000, 0x38882938, 0x38882a00, 0x38e00000)
}
Event: 589.145 GC heap before
{Heap before GC invocations=6141 (full 92):
 def new generation   total 11200K, used 10661K [0x23800000, 0x24420000, 0x28d50000)
  eden space 9984K, 100% used [0x23800000, 0x241c0000, 0x241c0000)
  from space 1216K,  55% used [0x241c0000, 0x24269500, 0x242f0000)
  to   space 1216K,   0% used [0x242f0000, 0x242f0000, 0x24420000)
 tenured generation   total 24728K, used 22308K [0x28d50000, 0x2a576000, 0x33800000)
   the space 24728K,  90% used [0x28d50000, 0x2a3192b8, 0x2a319400, 0x2a576000)
 compacting perm gen  total 12288K, used 351K [0x33800000, 0x34400000, 0x37800000)
   the space 12288K,   2% used [0x33800000, 0x33857dd8, 0x33857e00, 0x34400000)
    ro space 10240K,  42% used [0x37800000, 0x37c41c28, 0x37c41e00, 0x38200000)
    rw space 12288K,  54% used [0x38200000, 0x38882938, 0x38882a00, 0x38e00000)
Event: 589.160 GC heap after
Heap after GC invocations=6142 (full 92):
 def new generation   total 11200K, used 791K [0x23800000, 0x24420000, 0x28d50000)
  eden space 9984K,   0% used [0x23800000, 0x23800000, 0x241c0000)
  from space 1216K,  65% used [0x242f0000, 0x243b5db0, 0x24420000)
  to   space 1216K,   0% used [0x241c0000, 0x241c0000, 0x242f0000)
 tenured generation   total 24728K, used 22507K [0x28d50000, 0x2a576000, 0x33800000)
   the space 24728K,  91% used [0x28d50000, 0x2a34ae68, 0x2a34b000, 0x2a576000)
 compacting perm gen  total 12288K, used 351K [0x33800000, 0x34400000, 0x37800000)
   the space 12288K,   2% used [0x33800000, 0x33857dd8, 0x33857e00, 0x34400000)
    ro space 10240K,  42% used [0x37800000, 0x37c41c28, 0x37c41e00, 0x38200000)
    rw space 12288K,  54% used [0x38200000, 0x38882938, 0x38882a00, 0x38e00000)
}
Event: 589.321 GC heap before
{Heap before GC invocations=6142 (full 92):
 def new generation   total 11200K, used 10775K [0x23800000, 0x24420000, 0x28d50000)
  eden space 9984K, 100% used [0x23800000, 0x241c0000, 0x241c0000)
  from space 1216K,  65% used [0x242f0000, 0x243b5db0, 0x24420000)
  to   space 1216K,   0% used [0x241c0000, 0x241c0000, 0x242f0000)
 tenured generation   total 24728K, used 22507K [0x28d50000, 0x2a576000, 0x33800000)
   the space 24728K,  91% used [0x28d50000, 0x2a34ae68, 0x2a34b000, 0x2a576000)
 compacting perm gen  total 12288K, used 351K [0x33800000, 0x34400000, 0x37800000)
   the space 12288K,   2% used [0x33800000, 0x33857dd8, 0x33857e00, 0x34400000)
    ro space 10240K,  42% used [0x37800000, 0x37c41c28, 0x37c41e00, 0x38200000)
    rw space 12288K,  54% used [0x38200000, 0x38882938, 0x38882a00, 0x38e00000)
Event: 589.335 GC heap after
Heap after GC invocations=6143 (full 92):
 def new generation   total 11200K, used 498K [0x23800000, 0x24420000, 0x28d50000)
  eden space 9984K,   0% used [0x23800000, 0x23800000, 0x241c0000)
  from space 1216K,  41% used [0x241c0000, 0x2423cb48, 0x242f0000)
  to   space 1216K,   0% used [0x242f0000, 0x242f0000, 0x24420000)
 tenured generation   total 24728K, used 22918K [0x28d50000, 0x2a576000, 0x33800000)
   the space 24728K,  92% used [0x28d50000, 0x2a3b18e8, 0x2a3b1a00, 0x2a576000)
 compacting perm gen  total 12288K, used 351K [0x33800000, 0x34400000, 0x37800000)
   the space 12288K,   2% used [0x33800000, 0x33857dd8, 0x33857e00, 0x34400000)
    ro space 10240K,  42% used [0x37800000, 0x37c41c28, 0x37c41e00, 0x38200000)
    rw space 12288K,  54% used [0x38200000, 0x38882938, 0x38882a00, 0x38e00000)
}
Event: 589.501 GC heap before
{Heap before GC invocations=6143 (full 92):
 def new generation   total 11200K, used 10482K [0x23800000, 0x24420000, 0x28d50000)
  eden space 9984K, 100% used [0x23800000, 0x241c0000, 0x241c0000)
  from space 1216K,  41% used [0x241c0000, 0x2423cb48, 0x242f0000)
  to   space 1216K,   0% used [0x242f0000, 0x242f0000, 0x24420000)
 tenured generation   total 24728K, used 22918K [0x28d50000, 0x2a576000, 0x33800000)
   the space 24728K,  92% used [0x28d50000, 0x2a3b18e8, 0x2a3b1a00, 0x2a576000)
 compacting perm gen  total 12288K, used 351K [0x33800000, 0x34400000, 0x37800000)
   the space 12288K,   2% used [0x33800000, 0x33857dd8, 0x33857e00, 0x34400000)
    ro space 10240K,  42% used [0x37800000, 0x37c41c28, 0x37c41e00, 0x38200000)
    rw space 12288K,  54% used [0x38200000, 0x38882938, 0x38882a00, 0x38e00000)
Event: 589.518 GC heap after
Heap after GC invocations=6144 (full 92):
 def new generation   total 11200K, used 974K [0x23800000, 0x24420000, 0x28d50000)
  eden space 9984K,   0% used [0x23800000, 0x23800000, 0x241c0000)
  from space 1216K,  80% used [0x242f0000, 0x243e3828, 0x24420000)
  to   space 1216K,   0% used [0x241c0000, 0x241c0000, 0x242f0000)
 tenured generation   total 24728K, used 22918K [0x28d50000, 0x2a576000, 0x33800000)
   the space 24728K,  92% used [0x28d50000, 0x2a3b18e8, 0x2a3b1a00, 0x2a576000)
 compacting perm gen  total 12288K, used 351K [0x33800000, 0x34400000, 0x37800000)
   the space 12288K,   2% used [0x33800000, 0x33857dd8, 0x33857e00, 0x34400000)
    ro space 10240K,  42% used [0x37800000, 0x37c41c28, 0x37c41e00, 0x38200000)
    rw space 12288K,  54% used [0x38200000, 0x38882938, 0x38882a00, 0x38e00000)
}
Event: 589.681 GC heap before
{Heap before GC invocations=6144 (full 92):
 def new generation   total 11200K, used 10958K [0x23800000, 0x24420000, 0x28d50000)
  eden space 9984K, 100% used [0x23800000, 0x241c0000, 0x241c0000)
  from space 1216K,  80% used [0x242f0000, 0x243e3828, 0x24420000)
  to   space 1216K,   0% used [0x241c0000, 0x241c0000, 0x242f0000)
 tenured generation   total 24728K, used 22918K [0x28d50000, 0x2a576000, 0x33800000)
   the space 24728K,  92% used [0x28d50000, 0x2a3b18e8, 0x2a3b1a00, 0x2a576000)
 compacting perm gen  total 12288K, used 351K [0x33800000, 0x34400000, 0x37800000)
   the space 12288K,   2% used [0x33800000, 0x33857dd8, 0x33857e00, 0x34400000)
    ro space 10240K,  42% used [0x37800000, 0x37c41c28, 0x37c41e00, 0x38200000)
    rw space 12288K,  54% used [0x38200000, 0x38882938, 0x38882a00, 0x38e00000)

