# JRE version: Java(TM) SE Runtime Environment (7.0_71-b14) (build 1.7.0_71-b14)
# Java VM: Java HotSpot(TM) 64-Bit Server VM (24.71-b01 mixed mode windows-amd64 compressed oops)
Heap
 PSYoungGen      total 35328K, used 20000K [0x00000000eb280000, 0x00000000ef480000, 0x0000000100000000)
  eden space 32768K, 58% used [0x00000000eb280000,0x00000000ec512c50,0x00000000ed280000)
  from space 2560K, 38% used [0x00000000ed280000,0x00000000ed375610,0x00000000ed500000)
  to   space 1024K, 0% used [0x00000000ef380000,0x00000000ef380000,0x00000000ef480000)
 ParOldGen       total 42496K, used 24K [0x00000000c1800000, 0x00000000c4180000, 0x00000000eb280000)
  object space 42496K, 0% used [0x00000000c1800000,0x00000000c1806000,0x00000000c4180000)
 PSPermGen       total 21504K, used 3497K [0x00000000bc600000, 0x00000000bdb00000, 0x00000000c1800000)
  object space 21504K, 16% used [0x00000000bc600000,0x00000000bc96a430,0x00000000bdb00000)
GC Heap History (10 events):
Event: 1.236 GC heap before
{Heap before GC invocations=1 (full 0):
 PSYoungGen      total 18944K, used 16384K [0x00000000eb280000, 0x00000000ec780000, 0x0000000100000000)
  eden space 16384K, 100% used [0x00000000eb280000,0x00000000ec280000,0x00000000ec280000)
  from space 2560K, 0% used [0x00000000ec500000,0x00000000ec500000,0x00000000ec780000)
  to   space 2560K, 0% used [0x00000000ec280000,0x00000000ec280000,0x00000000ec500000)
 ParOldGen       total 42496K, used 0K [0x00000000c1800000, 0x00000000c4180000, 0x00000000eb280000)
  object space 42496K, 0% used [0x00000000c1800000,0x00000000c1800000,0x00000000c4180000)
 PSPermGen       total 21504K, used 3492K [0x00000000bc600000, 0x00000000bdb00000, 0x00000000c1800000)
  object space 21504K, 16% used [0x00000000bc600000,0x00000000bc9693c0,0x00000000bdb00000)
Event: 1.242 GC heap after
Heap after GC invocations=1 (full 0):
 PSYoungGen      total 18944K, used 949K [0x00000000eb280000, 0x00000000ec780000, 0x0000000100000000)
  eden space 16384K, 0% used [0x00000000eb280000,0x00000000eb280000,0x00000000ec280000)
  from space 2560K, 37% used [0x00000000ec280000,0x00000000ec36d610,0x00000000ec500000)
  to   space 2560K, 0% used [0x00000000ec500000,0x00000000ec500000,0x00000000ec780000)
 ParOldGen       total 42496K, used 8K [0x00000000c1800000, 0x00000000c4180000, 0x00000000eb280000)
  object space 42496K, 0% used [0x00000000c1800000,0x00000000c1802000,0x00000000c4180000)
 PSPermGen       total 21504K, used 3492K [0x00000000bc600000, 0x00000000bdb00000, 0x00000000c1800000)
  object space 21504K, 16% used [0x00000000bc600000,0x00000000bc9693c0,0x00000000bdb00000)
}
Event: 1.623 GC heap before
{Heap before GC invocations=2 (full 0):
 PSYoungGen      total 18944K, used 17333K [0x00000000eb280000, 0x00000000ec780000, 0x0000000100000000)
  eden space 16384K, 100% used [0x00000000eb280000,0x00000000ec280000,0x00000000ec280000)
  from space 2560K, 37% used [0x00000000ec280000,0x00000000ec36d610,0x00000000ec500000)
  to   space 2560K, 0% used [0x00000000ec500000,0x00000000ec500000,0x00000000ec780000)
 ParOldGen       total 42496K, used 8K [0x00000000c1800000, 0x00000000c4180000, 0x00000000eb280000)
  object space 42496K, 0% used [0x00000000c1800000,0x00000000c1802000,0x00000000c4180000)
 PSPermGen       total 21504K, used 3496K [0x00000000bc600000, 0x00000000bdb00000, 0x00000000c1800000)
  object space 21504K, 16% used [0x00000000bc600000,0x00000000bc96a3d0,0x00000000bdb00000)
Event: 1.638 GC heap after
Heap after GC invocations=2 (full 0):
 PSYoungGen      total 18944K, used 885K [0x00000000eb280000, 0x00000000ed780000, 0x0000000100000000)
  eden space 16384K, 0% used [0x00000000eb280000,0x00000000eb280000,0x00000000ec280000)
  from space 2560K, 34% used [0x00000000ec500000,0x00000000ec5dd610,0x00000000ec780000)
  to   space 2560K, 0% used [0x00000000ec280000,0x00000000ec280000,0x00000000ec500000)
 ParOldGen       total 42496K, used 16K [0x00000000c1800000, 0x00000000c4180000, 0x00000000eb280000)
  object space 42496K, 0% used [0x00000000c1800000,0x00000000c1804000,0x00000000c4180000)
 PSPermGen       total 21504K, used 3496K [0x00000000bc600000, 0x00000000bdb00000, 0x00000000c1800000)
  object space 21504K, 16% used [0x00000000bc600000,0x00000000bc96a3d0,0x00000000bdb00000)
}
Event: 1.953 GC heap before
{Heap before GC invocations=3 (full 0):
 PSYoungGen      total 18944K, used 17269K [0x00000000eb280000, 0x00000000ed780000, 0x0000000100000000)
  eden space 16384K, 100% used [0x00000000eb280000,0x00000000ec280000,0x00000000ec280000)
  from space 2560K, 34% used [0x00000000ec500000,0x00000000ec5dd610,0x00000000ec780000)
  to   space 2560K, 0% used [0x00000000ec280000,0x00000000ec280000,0x00000000ec500000)
 ParOldGen       total 42496K, used 16K [0x00000000c1800000, 0x00000000c4180000, 0x00000000eb280000)
  object space 42496K, 0% used [0x00000000c1800000,0x00000000c1804000,0x00000000c4180000)
 PSPermGen       total 21504K, used 3497K [0x00000000bc600000, 0x00000000bdb00000, 0x00000000c1800000)
  object space 21504K, 16% used [0x00000000bc600000,0x00000000bc96a430,0x00000000bdb00000)
Event: 1.955 GC heap after
Heap after GC invocations=3 (full 0):
 PSYoungGen      total 18944K, used 869K [0x00000000eb280000, 0x00000000ed780000, 0x0000000100000000)
  eden space 16384K, 0% used [0x00000000eb280000,0x00000000eb280000,0x00000000ec280000)
  from space 2560K, 33% used [0x00000000ec280000,0x00000000ec359620,0x00000000ec500000)
  to   space 2560K, 0% used [0x00000000ed500000,0x00000000ed500000,0x00000000ed780000)
 ParOldGen       total 42496K, used 24K [0x00000000c1800000, 0x00000000c4180000, 0x00000000eb280000)
  object space 42496K, 0% used [0x00000000c1800000,0x00000000c1806000,0x00000000c4180000)
 PSPermGen       total 21504K, used 3497K [0x00000000bc600000, 0x00000000bdb00000, 0x00000000c1800000)
  object space 21504K, 16% used [0x00000000bc600000,0x00000000bc96a430,0x00000000bdb00000)
}
Event: 2.214 GC heap before
{Heap before GC invocations=4 (full 0):
 PSYoungGen      total 18944K, used 17253K [0x00000000eb280000, 0x00000000ed780000, 0x0000000100000000)
  eden space 16384K, 100% used [0x00000000eb280000,0x00000000ec280000,0x00000000ec280000)
  from space 2560K, 33% used [0x00000000ec280000,0x00000000ec359620,0x00000000ec500000)
  to   space 2560K, 0% used [0x00000000ed500000,0x00000000ed500000,0x00000000ed780000)
 ParOldGen       total 42496K, used 24K [0x00000000c1800000, 0x00000000c4180000, 0x00000000eb280000)
  object space 42496K, 0% used [0x00000000c1800000,0x00000000c1806000,0x00000000c4180000)
 PSPermGen       total 21504K, used 3497K [0x00000000bc600000, 0x00000000bdb00000, 0x00000000c1800000)
  object space 21504K, 16% used [0x00000000bc600000,0x00000000bc96a430,0x00000000bdb00000)
Event: 2.217 GC heap after
Heap after GC invocations=4 (full 0):
 PSYoungGen      total 35328K, used 949K [0x00000000eb280000, 0x00000000ed780000, 0x0000000100000000)
  eden space 32768K, 0% used [0x00000000eb280000,0x00000000eb280000,0x00000000ed280000)
  from space 2560K, 37% used [0x00000000ed500000,0x00000000ed5ed630,0x00000000ed780000)
  to   space 2560K, 0% used [0x00000000ed280000,0x00000000ed280000,0x00000000ed500000)
 ParOldGen       total 42496K, used 24K [0x00000000c1800000, 0x00000000c4180000, 0x00000000eb280000)
  object space 42496K, 0% used [0x00000000c1800000,0x00000000c1806000,0x00000000c4180000)
 PSPermGen       total 21504K, used 3497K [0x00000000bc600000, 0x00000000bdb00000, 0x00000000c1800000)
  object space 21504K, 16% used [0x00000000bc600000,0x00000000bc96a430,0x00000000bdb00000)
}
Event: 2.822 GC heap before
{Heap before GC invocations=5 (full 0):
 PSYoungGen      total 35328K, used 33717K [0x00000000eb280000, 0x00000000ed780000, 0x0000000100000000)
  eden space 32768K, 100% used [0x00000000eb280000,0x00000000ed280000,0x00000000ed280000)
  from space 2560K, 37% used [0x00000000ed500000,0x00000000ed5ed630,0x00000000ed780000)
  to   space 2560K, 0% used [0x00000000ed280000,0x00000000ed280000,0x00000000ed500000)
 ParOldGen       total 42496K, used 24K [0x00000000c1800000, 0x00000000c4180000, 0x00000000eb280000)
  object space 42496K, 0% used [0x00000000c1800000,0x00000000c1806000,0x00000000c4180000)
 PSPermGen       total 21504K, used 3497K [0x00000000bc600000, 0x00000000bdb00000, 0x00000000c1800000)
  object space 21504K, 16% used [0x00000000bc600000,0x00000000bc96a430,0x00000000bdb00000)
Event: 2.825 GC heap after
Heap after GC invocations=5 (full 0):
 PSYoungGen      total 35328K, used 981K [0x00000000eb280000, 0x00000000ef480000, 0x0000000100000000)
  eden space 32768K, 0% used [0x00000000eb280000,0x00000000eb280000,0x00000000ed280000)
  from space 2560K, 38% used [0x00000000ed280000,0x00000000ed375610,0x00000000ed500000)
  to   space 1024K, 0% used [0x00000000ef380000,0x00000000ef380000,0x00000000ef480000)
 ParOldGen       total 42496K, used 24K [0x00000000c1800000, 0x00000000c4180000, 0x00000000eb280000)
  object space 42496K, 0% used [0x00000000c1800000,0x00000000c1806000,0x00000000c4180000)
 PSPermGen       total 21504K, used 3497K [0x00000000bc600000, 0x00000000bdb00000, 0x00000000c1800000)
  object space 21504K, 16% used [0x00000000bc600000,0x00000000bc96a430,0x00000000bdb00000)
}

